SF:lib/src/use_observer.dart
DA:9,1
DA:11,1
DA:12,1
DA:16,5
DA:21,3
DA:23,1
DA:24,1
DA:31,1
DA:33,1
DA:35,2
DA:36,2
DA:37,3
DA:38,1
DA:42,1
DA:44,4
DA:45,2
DA:46,2
DA:50,1
DA:51,3
DA:52,4
DA:55,2
DA:57,1
DA:59,1
DA:61,3
DA:64,1
DA:66,2
DA:68,1
LF:27
LH:27
end_of_record
SF:lib/src/use_autorun.dart
DA:12,1
DA:19,2
DA:29,1
DA:43,2
DA:51,1
DA:52,1
DA:58,4
DA:60,1
DA:62,1
DA:65,0
DA:67,0
DA:68,0
DA:69,0
DA:74,1
DA:75,3
DA:76,2
DA:77,2
DA:78,1
DA:79,2
DA:80,2
DA:84,1
DA:87,1
DA:89,2
LF:23
LH:19
end_of_record
SF:lib/src/use_when.dart
DA:25,1
DA:33,2
DA:44,1
DA:53,2
DA:62,1
DA:63,1
DA:69,1
DA:71,1
DA:74,1
DA:75,3
DA:76,2
DA:77,2
DA:78,2
DA:79,3
DA:80,2
DA:81,2
DA:85,0
DA:87,0
DA:88,0
DA:89,0
DA:93,1
DA:96,1
DA:98,2
LF:23
LH:19
end_of_record
SF:lib/src/use_reaction.dart
DA:13,1
DA:20,1
DA:21,1
DA:35,1
DA:52,1
DA:53,1
DA:59,1
DA:60,2
DA:61,2
DA:62,2
DA:63,2
DA:64,2
DA:65,2
DA:66,2
DA:67,2
DA:68,2
DA:72,1
DA:74,1
DA:77,0
DA:79,0
DA:80,0
DA:81,0
DA:85,1
DA:88,1
DA:90,2
LF:25
LH:21
end_of_record
