SF:lib/src/hook_impl.dart
DA:7,0
DA:8,0
DA:9,0
DA:11,0
DA:12,0
DA:18,0
DA:20,0
DA:21,0
DA:24,0
DA:26,0
DA:27,0
DA:28,0
DA:29,0
DA:30,0
DA:34,0
DA:35,0
DA:36,0
DA:43,0
DA:45,0
DA:53,0
DA:54,0
DA:56,0
DA:57,0
DA:64,0
DA:66,0
DA:67,0
DA:68,0
DA:72,0
DA:74,0
DA:81,0
DA:83,0
DA:84,0
DA:90,0
DA:92,0
DA:93,0
DA:96,0
DA:98,0
DA:99,0
DA:102,0
DA:104,0
DA:107,0
DA:108,0
DA:123,2
DA:126,1
DA:127,2
DA:129,2
DA:130,2
LF:47
LH:5
end_of_record
SF:lib/src/hook_widget.dart
DA:115,1
DA:135,0
DA:136,0
DA:140,2
DA:144,1
DA:145,0
DA:148,1
DA:149,0
DA:154,0
DA:155,0
DA:158,1
DA:159,0
DA:162,0
DA:163,0
DA:165,0
DA:180,4
DA:182,2
DA:183,2
DA:185,2
DA:187,5
DA:189,3
DA:190,2
DA:191,2
DA:192,2
DA:193,2
DA:194,2
DA:196,2
DA:197,2
DA:198,2
DA:199,2
DA:200,2
DA:201,2
DA:203,2
DA:206,2
DA:208,2
DA:209,2
DA:210,2
DA:212,1
DA:214,0
DA:218,0
DA:225,1
DA:227,2
DA:234,1
DA:235,2
DA:236,1
DA:237,2
DA:238,2
DA:241,1
DA:242,1
DA:245,0
DA:247,0
DA:248,0
DA:249,0
DA:252,0
DA:253,0
DA:254,0
DA:255,0
DA:256,0
DA:260,1
DA:261,6
DA:263,2
DA:264,2
DA:266,2
DA:267,1
DA:269,1
DA:270,1
DA:273,1
DA:274,2
DA:276,1
DA:277,1
DA:280,1
DA:281,1
DA:282,2
DA:283,1
DA:284,1
DA:287,0
DA:289,0
DA:292,0
DA:295,0
DA:301,0
DA:303,0
DA:317,4
DA:319,2
DA:320,2
DA:322,2
DA:323,2
DA:335,0
DA:337,0
DA:338,0
DA:339,0
DA:341,0
DA:344,2
DA:346,4
LF:93
LH:61
end_of_record
